{"/home/burn/GoStack/2020/Study/bootcamp/module03/appgobarber/src/components/Button/index.tsx": {"path":"/home/burn/GoStack/2020/Study/bootcamp/module03/appgobarber/src/components/Button/index.tsx","statementMap":{"0":{"start":{"line":10,"column":38},"end":{"line":16,"column":1}},"1":{"start":{"line":11,"column":2},"end":{"line":15,"column":4}}},"fnMap":{"0":{"name":"(anonymous_0)","decl":{"start":{"line":10,"column":38},"end":{"line":10,"column":39}},"loc":{"start":{"line":10,"column":65},"end":{"line":16,"column":1}},"line":10}},"branchMap":{},"s":{"0":1,"1":1},"f":{"0":1},"b":{},"_coverageSchema":"43e27e138ebf9cfc5966b082cf9a028302ed4184","hash":"1031222fa34222a01914750344879a87a7d0f5b0"}
,"/home/burn/GoStack/2020/Study/bootcamp/module03/appgobarber/src/components/Input/index.tsx": {"path":"/home/burn/GoStack/2020/Study/bootcamp/module03/appgobarber/src/components/Input/index.tsx","statementMap":{"0":{"start":{"line":28,"column":66},"end":{"line":93,"column":1}},"1":{"start":{"line":32,"column":26},"end":{"line":32,"column":43}},"2":{"start":{"line":34,"column":65},"end":{"line":34,"column":79}},"3":{"start":{"line":35,"column":24},"end":{"line":35,"column":76}},"4":{"start":{"line":37,"column":36},"end":{"line":37,"column":51}},"5":{"start":{"line":38,"column":34},"end":{"line":38,"column":49}},"6":{"start":{"line":40,"column":27},"end":{"line":42,"column":8}},"7":{"start":{"line":41,"column":4},"end":{"line":41,"column":23}},"8":{"start":{"line":44,"column":26},"end":{"line":48,"column":8}},"9":{"start":{"line":45,"column":4},"end":{"line":45,"column":24}},"10":{"start":{"line":47,"column":4},"end":{"line":47,"column":47}},"11":{"start":{"line":50,"column":2},"end":{"line":54,"column":6}},"12":{"start":{"line":50,"column":34},"end":{"line":54,"column":3}},"13":{"start":{"line":52,"column":6},"end":{"line":52,"column":38}},"14":{"start":{"line":56,"column":2},"end":{"line":70,"column":33}},"15":{"start":{"line":57,"column":4},"end":{"line":69,"column":7}},"16":{"start":{"line":62,"column":8},"end":{"line":62,"column":44}},"17":{"start":{"line":63,"column":8},"end":{"line":63,"column":64}},"18":{"start":{"line":66,"column":8},"end":{"line":66,"column":41}},"19":{"start":{"line":67,"column":8},"end":{"line":67,"column":40}},"20":{"start":{"line":72,"column":2},"end":{"line":92,"column":4}},"21":{"start":{"line":87,"column":10},"end":{"line":87,"column":46}}},"fnMap":{"0":{"name":"(anonymous_0)","decl":{"start":{"line":28,"column":66},"end":{"line":28,"column":67}},"loc":{"start":{"line":31,"column":5},"end":{"line":93,"column":1}},"line":31},"1":{"name":"(anonymous_1)","decl":{"start":{"line":40,"column":39},"end":{"line":40,"column":40}},"loc":{"start":{"line":40,"column":45},"end":{"line":42,"column":3}},"line":40},"2":{"name":"(anonymous_2)","decl":{"start":{"line":44,"column":38},"end":{"line":44,"column":39}},"loc":{"start":{"line":44,"column":44},"end":{"line":48,"column":3}},"line":44},"3":{"name":"(anonymous_3)","decl":{"start":{"line":50,"column":27},"end":{"line":50,"column":28}},"loc":{"start":{"line":50,"column":34},"end":{"line":54,"column":3}},"line":50},"4":{"name":"(anonymous_4)","decl":{"start":{"line":51,"column":4},"end":{"line":51,"column":5}},"loc":{"start":{"line":51,"column":12},"end":{"line":53,"column":5}},"line":51},"5":{"name":"(anonymous_5)","decl":{"start":{"line":56,"column":12},"end":{"line":56,"column":13}},"loc":{"start":{"line":56,"column":18},"end":{"line":70,"column":3}},"line":56},"6":{"name":"(anonymous_6)","decl":{"start":{"line":61,"column":6},"end":{"line":61,"column":7}},"loc":{"start":{"line":61,"column":32},"end":{"line":64,"column":7}},"line":61},"7":{"name":"(anonymous_7)","decl":{"start":{"line":65,"column":6},"end":{"line":65,"column":7}},"loc":{"start":{"line":65,"column":19},"end":{"line":68,"column":7}},"line":65},"8":{"name":"(anonymous_8)","decl":{"start":{"line":86,"column":22},"end":{"line":86,"column":23}},"loc":{"start":{"line":86,"column":33},"end":{"line":88,"column":9}},"line":86}},"branchMap":{"0":{"loc":{"start":{"line":29,"column":16},"end":{"line":29,"column":35}},"type":"default-arg","locations":[{"start":{"line":29,"column":33},"end":{"line":29,"column":35}}],"line":29},"1":{"loc":{"start":{"line":34,"column":25},"end":{"line":34,"column":42}},"type":"default-arg","locations":[{"start":{"line":34,"column":40},"end":{"line":34,"column":42}}],"line":34},"2":{"loc":{"start":{"line":77,"column":15},"end":{"line":77,"column":60}},"type":"cond-expr","locations":[{"start":{"line":77,"column":39},"end":{"line":77,"column":48}},{"start":{"line":77,"column":51},"end":{"line":77,"column":60}}],"line":77},"3":{"loc":{"start":{"line":77,"column":15},"end":{"line":77,"column":36}},"type":"binary-expr","locations":[{"start":{"line":77,"column":15},"end":{"line":77,"column":24}},{"start":{"line":77,"column":28},"end":{"line":77,"column":36}}],"line":77}},"s":{"0":1,"1":2,"2":2,"3":2,"4":2,"5":2,"6":2,"7":0,"8":2,"9":0,"10":0,"11":2,"12":1,"13":0,"14":2,"15":2,"16":0,"17":0,"18":0,"19":0,"20":2,"21":0},"f":{"0":2,"1":0,"2":0,"3":1,"4":0,"5":2,"6":0,"7":0,"8":0},"b":{"0":[2],"1":[2],"2":[0,2],"3":[2,2]},"_coverageSchema":"43e27e138ebf9cfc5966b082cf9a028302ed4184","hash":"959d3879ac1b2a4ae113a4fbd858cc318f88ad49"}
,"/home/burn/GoStack/2020/Study/bootcamp/module03/appgobarber/src/hooks/auth.tsx": {"path":"/home/burn/GoStack/2020/Study/bootcamp/module03/appgobarber/src/hooks/auth.tsx","statementMap":{"0":{"start":{"line":36,"column":20},"end":{"line":36,"column":73}},"1":{"start":{"line":38,"column":38},"end":{"line":102,"column":1}},"2":{"start":{"line":39,"column":26},"end":{"line":39,"column":62}},"3":{"start":{"line":40,"column":32},"end":{"line":40,"column":46}},"4":{"start":{"line":42,"column":2},"end":{"line":57,"column":9}},"5":{"start":{"line":44,"column":28},"end":{"line":47,"column":8}},"6":{"start":{"line":49,"column":6},"end":{"line":53,"column":7}},"7":{"start":{"line":50,"column":8},"end":{"line":50,"column":66}},"8":{"start":{"line":52,"column":8},"end":{"line":52,"column":64}},"9":{"start":{"line":54,"column":6},"end":{"line":54,"column":24}},"10":{"start":{"line":56,"column":4},"end":{"line":56,"column":23}},"11":{"start":{"line":59,"column":17},"end":{"line":75,"column":8}},"12":{"start":{"line":60,"column":21},"end":{"line":63,"column":6}},"13":{"start":{"line":65,"column":28},"end":{"line":65,"column":41}},"14":{"start":{"line":67,"column":4},"end":{"line":70,"column":7}},"15":{"start":{"line":72,"column":4},"end":{"line":72,"column":59}},"16":{"start":{"line":74,"column":4},"end":{"line":74,"column":29}},"17":{"start":{"line":77,"column":18},"end":{"line":81,"column":8}},"18":{"start":{"line":78,"column":4},"end":{"line":78,"column":74}},"19":{"start":{"line":80,"column":4},"end":{"line":80,"column":29}},"20":{"start":{"line":83,"column":21},"end":{"line":93,"column":3}},"21":{"start":{"line":85,"column":6},"end":{"line":85,"column":73}},"22":{"start":{"line":87,"column":6},"end":{"line":90,"column":9}},"23":{"start":{"line":95,"column":2},"end":{"line":101,"column":4}},"24":{"start":{"line":105,"column":18},"end":{"line":105,"column":41}},"25":{"start":{"line":107,"column":2},"end":{"line":109,"column":3}},"26":{"start":{"line":108,"column":4},"end":{"line":108,"column":67}},"27":{"start":{"line":111,"column":2},"end":{"line":111,"column":17}}},"fnMap":{"0":{"name":"(anonymous_0)","decl":{"start":{"line":38,"column":38},"end":{"line":38,"column":39}},"loc":{"start":{"line":38,"column":56},"end":{"line":102,"column":1}},"line":38},"1":{"name":"(anonymous_1)","decl":{"start":{"line":42,"column":12},"end":{"line":42,"column":13}},"loc":{"start":{"line":42,"column":18},"end":{"line":57,"column":3}},"line":42},"2":{"name":"loadStoragedData","decl":{"start":{"line":43,"column":19},"end":{"line":43,"column":35}},"loc":{"start":{"line":43,"column":53},"end":{"line":55,"column":5}},"line":43},"3":{"name":"(anonymous_3)","decl":{"start":{"line":59,"column":29},"end":{"line":59,"column":30}},"loc":{"start":{"line":59,"column":60},"end":{"line":75,"column":3}},"line":59},"4":{"name":"(anonymous_4)","decl":{"start":{"line":77,"column":30},"end":{"line":77,"column":31}},"loc":{"start":{"line":77,"column":42},"end":{"line":81,"column":3}},"line":77},"5":{"name":"(anonymous_5)","decl":{"start":{"line":84,"column":4},"end":{"line":84,"column":5}},"loc":{"start":{"line":84,"column":26},"end":{"line":91,"column":5}},"line":84},"6":{"name":"useAuth","decl":{"start":{"line":104,"column":16},"end":{"line":104,"column":23}},"loc":{"start":{"line":104,"column":43},"end":{"line":112,"column":1}},"line":104}},"branchMap":{"0":{"loc":{"start":{"line":49,"column":6},"end":{"line":53,"column":7}},"type":"if","locations":[{"start":{"line":49,"column":6},"end":{"line":53,"column":7}},{"start":{"line":49,"column":6},"end":{"line":53,"column":7}}],"line":49},"1":{"loc":{"start":{"line":49,"column":10},"end":{"line":49,"column":29}},"type":"binary-expr","locations":[{"start":{"line":49,"column":10},"end":{"line":49,"column":18}},{"start":{"line":49,"column":22},"end":{"line":49,"column":29}}],"line":49},"2":{"loc":{"start":{"line":107,"column":2},"end":{"line":109,"column":3}},"type":"if","locations":[{"start":{"line":107,"column":2},"end":{"line":109,"column":3}},{"start":{"line":107,"column":2},"end":{"line":109,"column":3}}],"line":107}},"s":{"0":1,"1":1,"2":0,"3":0,"4":0,"5":0,"6":0,"7":0,"8":0,"9":0,"10":0,"11":0,"12":0,"13":0,"14":0,"15":0,"16":0,"17":0,"18":0,"19":0,"20":0,"21":0,"22":0,"23":0,"24":1,"25":1,"26":0,"27":1},"f":{"0":0,"1":0,"2":0,"3":0,"4":0,"5":0,"6":1},"b":{"0":[0,0],"1":[0,0],"2":[0,1]},"_coverageSchema":"43e27e138ebf9cfc5966b082cf9a028302ed4184","hash":"ec2a254ba2fe51c57a0cd16cafea48a61c40f845"}
,"/home/burn/GoStack/2020/Study/bootcamp/module03/appgobarber/src/pages/AppointmentCreated/index.tsx": {"path":"/home/burn/GoStack/2020/Study/bootcamp/module03/appgobarber/src/pages/AppointmentCreated/index.tsx","statementMap":{"0":{"start":{"line":20,"column":37},"end":{"line":53,"column":1}},"1":{"start":{"line":21,"column":20},"end":{"line":21,"column":35}},"2":{"start":{"line":22,"column":21},"end":{"line":22,"column":31}},"3":{"start":{"line":24,"column":22},"end":{"line":24,"column":43}},"4":{"start":{"line":26,"column":26},"end":{"line":31,"column":13}},"5":{"start":{"line":27,"column":4},"end":{"line":30,"column":7}},"6":{"start":{"line":33,"column":24},"end":{"line":39,"column":19}},"7":{"start":{"line":34,"column":4},"end":{"line":38,"column":6}},"8":{"start":{"line":41,"column":2},"end":{"line":52,"column":4}}},"fnMap":{"0":{"name":"(anonymous_0)","decl":{"start":{"line":20,"column":37},"end":{"line":20,"column":38}},"loc":{"start":{"line":20,"column":43},"end":{"line":53,"column":1}},"line":20},"1":{"name":"(anonymous_1)","decl":{"start":{"line":26,"column":38},"end":{"line":26,"column":39}},"loc":{"start":{"line":26,"column":44},"end":{"line":31,"column":3}},"line":26},"2":{"name":"(anonymous_2)","decl":{"start":{"line":33,"column":32},"end":{"line":33,"column":33}},"loc":{"start":{"line":33,"column":38},"end":{"line":39,"column":3}},"line":33}},"branchMap":{},"s":{"0":0,"1":0,"2":0,"3":0,"4":0,"5":0,"6":0,"7":0,"8":0},"f":{"0":0,"1":0,"2":0},"b":{},"hash":"4fcf25acf42b3ff06095f9f940d4fb6c60e5c951"}
,"/home/burn/GoStack/2020/Study/bootcamp/module03/appgobarber/src/pages/CreateAppointment/index.tsx": {"path":"/home/burn/GoStack/2020/Study/bootcamp/module03/appgobarber/src/pages/CreateAppointment/index.tsx","statementMap":{"0":{"start":{"line":51,"column":36},"end":{"line":267,"column":1}},"1":{"start":{"line":52,"column":19},"end":{"line":52,"column":28}},"2":{"start":{"line":53,"column":16},"end":{"line":53,"column":26}},"3":{"start":{"line":54,"column":31},"end":{"line":54,"column":46}},"4":{"start":{"line":56,"column":22},"end":{"line":56,"column":49}},"5":{"start":{"line":58,"column":42},"end":{"line":58,"column":74}},"6":{"start":{"line":59,"column":46},"end":{"line":59,"column":61}},"7":{"start":{"line":60,"column":42},"end":{"line":60,"column":62}},"8":{"start":{"line":61,"column":42},"end":{"line":61,"column":53}},"9":{"start":{"line":62,"column":36},"end":{"line":62,"column":60}},"10":{"start":{"line":64,"column":50},"end":{"line":66,"column":3}},"11":{"start":{"line":68,"column":2},"end":{"line":72,"column":9}},"12":{"start":{"line":69,"column":4},"end":{"line":71,"column":7}},"13":{"start":{"line":70,"column":6},"end":{"line":70,"column":34}},"14":{"start":{"line":74,"column":2},"end":{"line":86,"column":39}},"15":{"start":{"line":75,"column":4},"end":{"line":85,"column":9}},"16":{"start":{"line":84,"column":8},"end":{"line":84,"column":39}},"17":{"start":{"line":88,"column":23},"end":{"line":90,"column":14}},"18":{"start":{"line":89,"column":4},"end":{"line":89,"column":13}},"19":{"start":{"line":92,"column":31},"end":{"line":94,"column":8}},"20":{"start":{"line":93,"column":4},"end":{"line":93,"column":36}},"21":{"start":{"line":96,"column":33},"end":{"line":98,"column":8}},"22":{"start":{"line":97,"column":4},"end":{"line":97,"column":41}},"23":{"start":{"line":97,"column":33},"end":{"line":97,"column":39}},"24":{"start":{"line":100,"column":28},"end":{"line":111,"column":3}},"25":{"start":{"line":102,"column":6},"end":{"line":104,"column":7}},"26":{"start":{"line":103,"column":8},"end":{"line":103,"column":33}},"27":{"start":{"line":106,"column":6},"end":{"line":108,"column":7}},"28":{"start":{"line":107,"column":8},"end":{"line":107,"column":30}},"29":{"start":{"line":113,"column":30},"end":{"line":123,"column":20}},"30":{"start":{"line":114,"column":4},"end":{"line":122,"column":9}},"31":{"start":{"line":115,"column":28},"end":{"line":115,"column":37}},"32":{"start":{"line":117,"column":8},"end":{"line":121,"column":10}},"33":{"start":{"line":125,"column":32},"end":{"line":135,"column":20}},"34":{"start":{"line":126,"column":4},"end":{"line":134,"column":9}},"35":{"start":{"line":127,"column":28},"end":{"line":127,"column":38}},"36":{"start":{"line":129,"column":8},"end":{"line":133,"column":10}},"37":{"start":{"line":137,"column":27},"end":{"line":139,"column":8}},"38":{"start":{"line":138,"column":4},"end":{"line":138,"column":26}},"39":{"start":{"line":141,"column":34},"end":{"line":160,"column":62}},"40":{"start":{"line":142,"column":4},"end":{"line":159,"column":5}},"41":{"start":{"line":143,"column":19},"end":{"line":143,"column":41}},"42":{"start":{"line":145,"column":6},"end":{"line":145,"column":34}},"43":{"start":{"line":146,"column":6},"end":{"line":146,"column":25}},"44":{"start":{"line":148,"column":6},"end":{"line":151,"column":9}},"45":{"start":{"line":153,"column":6},"end":{"line":153,"column":63}},"46":{"start":{"line":155,"column":6},"end":{"line":158,"column":8}},"47":{"start":{"line":162,"column":2},"end":{"line":266,"column":4}},"48":{"start":{"line":180,"column":40},"end":{"line":180,"column":51}},"49":{"start":{"line":182,"column":14},"end":{"line":190,"column":34}},"50":{"start":{"line":183,"column":31},"end":{"line":183,"column":64}},"51":{"start":{"line":223,"column":16},"end":{"line":233,"column":23}},"52":{"start":{"line":228,"column":33},"end":{"line":228,"column":55}},"53":{"start":{"line":244,"column":18},"end":{"line":254,"column":25}},"54":{"start":{"line":249,"column":35},"end":{"line":249,"column":57}}},"fnMap":{"0":{"name":"(anonymous_0)","decl":{"start":{"line":51,"column":36},"end":{"line":51,"column":37}},"loc":{"start":{"line":51,"column":42},"end":{"line":267,"column":1}},"line":51},"1":{"name":"(anonymous_1)","decl":{"start":{"line":68,"column":12},"end":{"line":68,"column":13}},"loc":{"start":{"line":68,"column":18},"end":{"line":72,"column":3}},"line":68},"2":{"name":"(anonymous_2)","decl":{"start":{"line":69,"column":30},"end":{"line":69,"column":31}},"loc":{"start":{"line":69,"column":44},"end":{"line":71,"column":5}},"line":69},"3":{"name":"(anonymous_3)","decl":{"start":{"line":74,"column":12},"end":{"line":74,"column":13}},"loc":{"start":{"line":74,"column":18},"end":{"line":86,"column":3}},"line":74},"4":{"name":"(anonymous_4)","decl":{"start":{"line":83,"column":12},"end":{"line":83,"column":13}},"loc":{"start":{"line":83,"column":26},"end":{"line":85,"column":7}},"line":83},"5":{"name":"(anonymous_5)","decl":{"start":{"line":88,"column":35},"end":{"line":88,"column":36}},"loc":{"start":{"line":88,"column":41},"end":{"line":90,"column":3}},"line":88},"6":{"name":"(anonymous_6)","decl":{"start":{"line":92,"column":43},"end":{"line":92,"column":44}},"loc":{"start":{"line":92,"column":67},"end":{"line":94,"column":3}},"line":92},"7":{"name":"(anonymous_7)","decl":{"start":{"line":96,"column":45},"end":{"line":96,"column":46}},"loc":{"start":{"line":96,"column":51},"end":{"line":98,"column":3}},"line":96},"8":{"name":"(anonymous_8)","decl":{"start":{"line":97,"column":22},"end":{"line":97,"column":23}},"loc":{"start":{"line":97,"column":33},"end":{"line":97,"column":39}},"line":97},"9":{"name":"(anonymous_9)","decl":{"start":{"line":101,"column":4},"end":{"line":101,"column":5}},"loc":{"start":{"line":101,"column":44},"end":{"line":109,"column":5}},"line":101},"10":{"name":"(anonymous_10)","decl":{"start":{"line":113,"column":38},"end":{"line":113,"column":39}},"loc":{"start":{"line":113,"column":44},"end":{"line":123,"column":3}},"line":113},"11":{"name":"(anonymous_11)","decl":{"start":{"line":115,"column":14},"end":{"line":115,"column":15}},"loc":{"start":{"line":115,"column":28},"end":{"line":115,"column":37}},"line":115},"12":{"name":"(anonymous_12)","decl":{"start":{"line":116,"column":11},"end":{"line":116,"column":12}},"loc":{"start":{"line":116,"column":36},"end":{"line":122,"column":7}},"line":116},"13":{"name":"(anonymous_13)","decl":{"start":{"line":125,"column":40},"end":{"line":125,"column":41}},"loc":{"start":{"line":125,"column":46},"end":{"line":135,"column":3}},"line":125},"14":{"name":"(anonymous_14)","decl":{"start":{"line":127,"column":14},"end":{"line":127,"column":15}},"loc":{"start":{"line":127,"column":28},"end":{"line":127,"column":38}},"line":127},"15":{"name":"(anonymous_15)","decl":{"start":{"line":128,"column":11},"end":{"line":128,"column":12}},"loc":{"start":{"line":128,"column":36},"end":{"line":134,"column":7}},"line":128},"16":{"name":"(anonymous_16)","decl":{"start":{"line":137,"column":39},"end":{"line":137,"column":40}},"loc":{"start":{"line":137,"column":57},"end":{"line":139,"column":3}},"line":137},"17":{"name":"(anonymous_17)","decl":{"start":{"line":141,"column":46},"end":{"line":141,"column":47}},"loc":{"start":{"line":141,"column":58},"end":{"line":160,"column":3}},"line":141},"18":{"name":"(anonymous_18)","decl":{"start":{"line":180,"column":26},"end":{"line":180,"column":27}},"loc":{"start":{"line":180,"column":40},"end":{"line":180,"column":51}},"line":180},"19":{"name":"(anonymous_19)","decl":{"start":{"line":181,"column":24},"end":{"line":181,"column":25}},"loc":{"start":{"line":182,"column":14},"end":{"line":190,"column":34}},"line":182},"20":{"name":"(anonymous_20)","decl":{"start":{"line":183,"column":25},"end":{"line":183,"column":26}},"loc":{"start":{"line":183,"column":31},"end":{"line":183,"column":64}},"line":183},"21":{"name":"(anonymous_21)","decl":{"start":{"line":222,"column":39},"end":{"line":222,"column":40}},"loc":{"start":{"line":223,"column":16},"end":{"line":233,"column":23}},"line":223},"22":{"name":"(anonymous_22)","decl":{"start":{"line":228,"column":27},"end":{"line":228,"column":28}},"loc":{"start":{"line":228,"column":33},"end":{"line":228,"column":55}},"line":228},"23":{"name":"(anonymous_23)","decl":{"start":{"line":243,"column":16},"end":{"line":243,"column":17}},"loc":{"start":{"line":244,"column":18},"end":{"line":254,"column":25}},"line":244},"24":{"name":"(anonymous_24)","decl":{"start":{"line":249,"column":29},"end":{"line":249,"column":30}},"loc":{"start":{"line":249,"column":35},"end":{"line":249,"column":57}},"line":249}},"branchMap":{"0":{"loc":{"start":{"line":102,"column":6},"end":{"line":104,"column":7}},"type":"if","locations":[{"start":{"line":102,"column":6},"end":{"line":104,"column":7}},{"start":{"line":102,"column":6},"end":{"line":104,"column":7}}],"line":102},"1":{"loc":{"start":{"line":106,"column":6},"end":{"line":108,"column":7}},"type":"if","locations":[{"start":{"line":106,"column":6},"end":{"line":108,"column":7}},{"start":{"line":106,"column":6},"end":{"line":108,"column":7}}],"line":106},"2":{"loc":{"start":{"line":204,"column":11},"end":{"line":212,"column":11}},"type":"binary-expr","locations":[{"start":{"line":204,"column":11},"end":{"line":204,"column":25}},{"start":{"line":205,"column":12},"end":{"line":211,"column":14}}],"line":204}},"s":{"0":0,"1":0,"2":0,"3":0,"4":0,"5":0,"6":0,"7":0,"8":0,"9":0,"10":0,"11":0,"12":0,"13":0,"14":0,"15":0,"16":0,"17":0,"18":0,"19":0,"20":0,"21":0,"22":0,"23":0,"24":0,"25":0,"26":0,"27":0,"28":0,"29":0,"30":0,"31":0,"32":0,"33":0,"34":0,"35":0,"36":0,"37":0,"38":0,"39":0,"40":0,"41":0,"42":0,"43":0,"44":0,"45":0,"46":0,"47":0,"48":0,"49":0,"50":0,"51":0,"52":0,"53":0,"54":0},"f":{"0":0,"1":0,"2":0,"3":0,"4":0,"5":0,"6":0,"7":0,"8":0,"9":0,"10":0,"11":0,"12":0,"13":0,"14":0,"15":0,"16":0,"17":0,"18":0,"19":0,"20":0,"21":0,"22":0,"23":0,"24":0},"b":{"0":[0,0],"1":[0,0],"2":[0,0]},"hash":"36974c7accdb456c52a3124fb191ee85c2a6eaf9"}
,"/home/burn/GoStack/2020/Study/bootcamp/module03/appgobarber/src/pages/Dashboard/index.tsx": {"path":"/home/burn/GoStack/2020/Study/bootcamp/module03/appgobarber/src/pages/Dashboard/index.tsx","statementMap":{"0":{"start":{"line":31,"column":28},"end":{"line":97,"column":1}},"1":{"start":{"line":32,"column":36},"end":{"line":32,"column":60}},"2":{"start":{"line":34,"column":28},"end":{"line":34,"column":37}},"3":{"start":{"line":35,"column":23},"end":{"line":35,"column":38}},"4":{"start":{"line":37,"column":2},"end":{"line":42,"column":9}},"5":{"start":{"line":38,"column":4},"end":{"line":41,"column":7}},"6":{"start":{"line":39,"column":6},"end":{"line":39,"column":34}},"7":{"start":{"line":40,"column":6},"end":{"line":40,"column":35}},"8":{"start":{"line":44,"column":28},"end":{"line":46,"column":16}},"9":{"start":{"line":45,"column":4},"end":{"line":45,"column":24}},"10":{"start":{"line":48,"column":38},"end":{"line":53,"column":3}},"11":{"start":{"line":50,"column":6},"end":{"line":50,"column":52}},"12":{"start":{"line":55,"column":2},"end":{"line":96,"column":4}},"13":{"start":{"line":69,"column":36},"end":{"line":69,"column":47}},"14":{"start":{"line":74,"column":10},"end":{"line":92,"column":30}},"15":{"start":{"line":75,"column":27},"end":{"line":75,"column":67}}},"fnMap":{"0":{"name":"(anonymous_0)","decl":{"start":{"line":31,"column":28},"end":{"line":31,"column":29}},"loc":{"start":{"line":31,"column":34},"end":{"line":97,"column":1}},"line":31},"1":{"name":"(anonymous_1)","decl":{"start":{"line":37,"column":12},"end":{"line":37,"column":13}},"loc":{"start":{"line":37,"column":18},"end":{"line":42,"column":3}},"line":37},"2":{"name":"(anonymous_2)","decl":{"start":{"line":38,"column":30},"end":{"line":38,"column":31}},"loc":{"start":{"line":38,"column":44},"end":{"line":41,"column":5}},"line":38},"3":{"name":"(anonymous_3)","decl":{"start":{"line":44,"column":40},"end":{"line":44,"column":41}},"loc":{"start":{"line":44,"column":46},"end":{"line":46,"column":3}},"line":44},"4":{"name":"(anonymous_4)","decl":{"start":{"line":49,"column":4},"end":{"line":49,"column":5}},"loc":{"start":{"line":49,"column":28},"end":{"line":51,"column":5}},"line":49},"5":{"name":"(anonymous_5)","decl":{"start":{"line":69,"column":22},"end":{"line":69,"column":23}},"loc":{"start":{"line":69,"column":36},"end":{"line":69,"column":47}},"line":69},"6":{"name":"(anonymous_6)","decl":{"start":{"line":73,"column":20},"end":{"line":73,"column":21}},"loc":{"start":{"line":74,"column":10},"end":{"line":92,"column":30}},"line":74},"7":{"name":"(anonymous_7)","decl":{"start":{"line":75,"column":21},"end":{"line":75,"column":22}},"loc":{"start":{"line":75,"column":27},"end":{"line":75,"column":67}},"line":75}},"branchMap":{},"s":{"0":0,"1":0,"2":0,"3":0,"4":0,"5":0,"6":0,"7":0,"8":0,"9":0,"10":0,"11":0,"12":0,"13":0,"14":0,"15":0},"f":{"0":0,"1":0,"2":0,"3":0,"4":0,"5":0,"6":0,"7":0},"b":{},"hash":"d904cb3e21435aa1bd712b08d7e0a130f35d8e67"}
,"/home/burn/GoStack/2020/Study/bootcamp/module03/appgobarber/src/pages/Profile/index.tsx": {"path":"/home/burn/GoStack/2020/Study/bootcamp/module03/appgobarber/src/pages/Profile/index.tsx","statementMap":{"0":{"start":{"line":40,"column":26},"end":{"line":264,"column":1}},"1":{"start":{"line":41,"column":40},"end":{"line":41,"column":49}},"2":{"start":{"line":43,"column":18},"end":{"line":43,"column":43}},"3":{"start":{"line":44,"column":21},"end":{"line":44,"column":36}},"4":{"start":{"line":46,"column":24},"end":{"line":46,"column":47}},"5":{"start":{"line":47,"column":30},"end":{"line":47,"column":53}},"6":{"start":{"line":48,"column":27},"end":{"line":48,"column":50}},"7":{"start":{"line":49,"column":34},"end":{"line":49,"column":57}},"8":{"start":{"line":51,"column":24},"end":{"line":126,"column":3}},"9":{"start":{"line":53,"column":6},"end":{"line":123,"column":7}},"10":{"start":{"line":54,"column":8},"end":{"line":54,"column":39}},"11":{"start":{"line":56,"column":23},"end":{"line":76,"column":10}},"12":{"start":{"line":64,"column":25},"end":{"line":64,"column":37}},"13":{"start":{"line":71,"column":27},"end":{"line":71,"column":39}},"14":{"start":{"line":78,"column":8},"end":{"line":81,"column":11}},"15":{"start":{"line":89,"column":12},"end":{"line":89,"column":16}},"16":{"start":{"line":91,"column":25},"end":{"line":101,"column":9}},"17":{"start":{"line":103,"column":25},"end":{"line":103,"column":60}},"18":{"start":{"line":105,"column":8},"end":{"line":105,"column":34}},"19":{"start":{"line":107,"column":8},"end":{"line":107,"column":53}},"20":{"start":{"line":109,"column":8},"end":{"line":109,"column":28}},"21":{"start":{"line":111,"column":8},"end":{"line":117,"column":9}},"22":{"start":{"line":112,"column":25},"end":{"line":112,"column":49}},"23":{"start":{"line":114,"column":10},"end":{"line":114,"column":45}},"24":{"start":{"line":116,"column":10},"end":{"line":116,"column":17}},"25":{"start":{"line":119,"column":8},"end":{"line":122,"column":10}},"26":{"start":{"line":128,"column":29},"end":{"line":162,"column":27}},"27":{"start":{"line":129,"column":4},"end":{"line":161,"column":6}},"28":{"start":{"line":137,"column":8},"end":{"line":139,"column":9}},"29":{"start":{"line":138,"column":10},"end":{"line":138,"column":17}},"30":{"start":{"line":141,"column":8},"end":{"line":144,"column":9}},"31":{"start":{"line":142,"column":10},"end":{"line":142,"column":55}},"32":{"start":{"line":143,"column":10},"end":{"line":143,"column":17}},"33":{"start":{"line":146,"column":21},"end":{"line":146,"column":35}},"34":{"start":{"line":148,"column":8},"end":{"line":152,"column":11}},"35":{"start":{"line":154,"column":8},"end":{"line":154,"column":26}},"36":{"start":{"line":156,"column":8},"end":{"line":159,"column":11}},"37":{"start":{"line":157,"column":10},"end":{"line":157,"column":33}},"38":{"start":{"line":158,"column":10},"end":{"line":158,"column":39}},"39":{"start":{"line":164,"column":23},"end":{"line":166,"column":18}},"40":{"start":{"line":165,"column":4},"end":{"line":165,"column":24}},"41":{"start":{"line":168,"column":2},"end":{"line":263,"column":4}},"42":{"start":{"line":200,"column":18},"end":{"line":200,"column":49}},"43":{"start":{"line":214,"column":18},"end":{"line":214,"column":55}},"44":{"start":{"line":228,"column":18},"end":{"line":228,"column":52}},"45":{"start":{"line":241,"column":18},"end":{"line":241,"column":59}},"46":{"start":{"line":252,"column":39},"end":{"line":252,"column":68}},"47":{"start":{"line":255,"column":37},"end":{"line":255,"column":66}}},"fnMap":{"0":{"name":"(anonymous_0)","decl":{"start":{"line":40,"column":26},"end":{"line":40,"column":27}},"loc":{"start":{"line":40,"column":32},"end":{"line":264,"column":1}},"line":40},"1":{"name":"(anonymous_1)","decl":{"start":{"line":52,"column":4},"end":{"line":52,"column":5}},"loc":{"start":{"line":52,"column":37},"end":{"line":124,"column":5}},"line":52},"2":{"name":"(anonymous_2)","decl":{"start":{"line":64,"column":16},"end":{"line":64,"column":17}},"loc":{"start":{"line":64,"column":25},"end":{"line":64,"column":37}},"line":64},"3":{"name":"(anonymous_3)","decl":{"start":{"line":71,"column":18},"end":{"line":71,"column":19}},"loc":{"start":{"line":71,"column":27},"end":{"line":71,"column":39}},"line":71},"4":{"name":"(anonymous_4)","decl":{"start":{"line":128,"column":41},"end":{"line":128,"column":42}},"loc":{"start":{"line":128,"column":47},"end":{"line":162,"column":3}},"line":128},"5":{"name":"(anonymous_5)","decl":{"start":{"line":136,"column":6},"end":{"line":136,"column":7}},"loc":{"start":{"line":136,"column":20},"end":{"line":160,"column":7}},"line":136},"6":{"name":"(anonymous_6)","decl":{"start":{"line":156,"column":46},"end":{"line":156,"column":47}},"loc":{"start":{"line":156,"column":63},"end":{"line":159,"column":9}},"line":156},"7":{"name":"(anonymous_7)","decl":{"start":{"line":164,"column":35},"end":{"line":164,"column":36}},"loc":{"start":{"line":164,"column":41},"end":{"line":166,"column":3}},"line":164},"8":{"name":"(anonymous_8)","decl":{"start":{"line":199,"column":33},"end":{"line":199,"column":34}},"loc":{"start":{"line":199,"column":39},"end":{"line":201,"column":17}},"line":199},"9":{"name":"(anonymous_9)","decl":{"start":{"line":213,"column":33},"end":{"line":213,"column":34}},"loc":{"start":{"line":213,"column":39},"end":{"line":215,"column":17}},"line":213},"10":{"name":"(anonymous_10)","decl":{"start":{"line":227,"column":33},"end":{"line":227,"column":34}},"loc":{"start":{"line":227,"column":39},"end":{"line":229,"column":17}},"line":227},"11":{"name":"(anonymous_11)","decl":{"start":{"line":240,"column":33},"end":{"line":240,"column":34}},"loc":{"start":{"line":240,"column":39},"end":{"line":242,"column":17}},"line":240},"12":{"name":"(anonymous_12)","decl":{"start":{"line":252,"column":33},"end":{"line":252,"column":34}},"loc":{"start":{"line":252,"column":39},"end":{"line":252,"column":68}},"line":252},"13":{"name":"(anonymous_13)","decl":{"start":{"line":255,"column":31},"end":{"line":255,"column":32}},"loc":{"start":{"line":255,"column":37},"end":{"line":255,"column":66}},"line":255}},"branchMap":{"0":{"loc":{"start":{"line":94,"column":14},"end":{"line":100,"column":16}},"type":"cond-expr","locations":[{"start":{"line":95,"column":14},"end":{"line":99,"column":15}},{"start":{"line":100,"column":14},"end":{"line":100,"column":16}}],"line":94},"1":{"loc":{"start":{"line":111,"column":8},"end":{"line":117,"column":9}},"type":"if","locations":[{"start":{"line":111,"column":8},"end":{"line":117,"column":9}},{"start":{"line":111,"column":8},"end":{"line":117,"column":9}}],"line":111},"2":{"loc":{"start":{"line":137,"column":8},"end":{"line":139,"column":9}},"type":"if","locations":[{"start":{"line":137,"column":8},"end":{"line":139,"column":9}},{"start":{"line":137,"column":8},"end":{"line":139,"column":9}}],"line":137},"3":{"loc":{"start":{"line":141,"column":8},"end":{"line":144,"column":9}},"type":"if","locations":[{"start":{"line":141,"column":8},"end":{"line":144,"column":9}},{"start":{"line":141,"column":8},"end":{"line":144,"column":9}}],"line":141},"4":{"loc":{"start":{"line":172,"column":18},"end":{"line":172,"column":63}},"type":"cond-expr","locations":[{"start":{"line":172,"column":42},"end":{"line":172,"column":51}},{"start":{"line":172,"column":54},"end":{"line":172,"column":63}}],"line":172}},"s":{"0":0,"1":0,"2":0,"3":0,"4":0,"5":0,"6":0,"7":0,"8":0,"9":0,"10":0,"11":0,"12":0,"13":0,"14":0,"15":0,"16":0,"17":0,"18":0,"19":0,"20":0,"21":0,"22":0,"23":0,"24":0,"25":0,"26":0,"27":0,"28":0,"29":0,"30":0,"31":0,"32":0,"33":0,"34":0,"35":0,"36":0,"37":0,"38":0,"39":0,"40":0,"41":0,"42":0,"43":0,"44":0,"45":0,"46":0,"47":0},"f":{"0":0,"1":0,"2":0,"3":0,"4":0,"5":0,"6":0,"7":0,"8":0,"9":0,"10":0,"11":0,"12":0,"13":0},"b":{"0":[0,0],"1":[0,0],"2":[0,0],"3":[0,0],"4":[0,0]},"hash":"0575d62909d35f09da54816e9f71ac7d3d62d701"}
,"/home/burn/GoStack/2020/Study/bootcamp/module03/appgobarber/src/pages/SignIn/index.tsx": {"path":"/home/burn/GoStack/2020/Study/bootcamp/module03/appgobarber/src/pages/SignIn/index.tsx","statementMap":{"0":{"start":{"line":38,"column":25},"end":{"line":149,"column":1}},"1":{"start":{"line":39,"column":21},"end":{"line":39,"column":36}},"2":{"start":{"line":40,"column":18},"end":{"line":40,"column":43}},"3":{"start":{"line":41,"column":27},"end":{"line":41,"column":50}},"4":{"start":{"line":42,"column":21},"end":{"line":42,"column":30}},"5":{"start":{"line":44,"column":23},"end":{"line":82,"column":3}},"6":{"start":{"line":46,"column":6},"end":{"line":79,"column":7}},"7":{"start":{"line":47,"column":8},"end":{"line":47,"column":26}},"8":{"start":{"line":48,"column":8},"end":{"line":48,"column":39}},"9":{"start":{"line":50,"column":23},"end":{"line":55,"column":10}},"10":{"start":{"line":57,"column":8},"end":{"line":60,"column":11}},"11":{"start":{"line":62,"column":8},"end":{"line":65,"column":11}},"12":{"start":{"line":67,"column":8},"end":{"line":73,"column":9}},"13":{"start":{"line":68,"column":25},"end":{"line":68,"column":49}},"14":{"start":{"line":70,"column":10},"end":{"line":70,"column":45}},"15":{"start":{"line":72,"column":10},"end":{"line":72,"column":17}},"16":{"start":{"line":75,"column":8},"end":{"line":78,"column":10}},"17":{"start":{"line":84,"column":2},"end":{"line":148,"column":4}},"18":{"start":{"line":112,"column":18},"end":{"line":112,"column":52}},"19":{"start":{"line":123,"column":18},"end":{"line":123,"column":48}},"20":{"start":{"line":129,"column":18},"end":{"line":129,"column":48}},"21":{"start":{"line":143,"column":42},"end":{"line":143,"column":71}}},"fnMap":{"0":{"name":"(anonymous_0)","decl":{"start":{"line":38,"column":25},"end":{"line":38,"column":26}},"loc":{"start":{"line":38,"column":31},"end":{"line":149,"column":1}},"line":38},"1":{"name":"(anonymous_1)","decl":{"start":{"line":45,"column":4},"end":{"line":45,"column":5}},"loc":{"start":{"line":45,"column":36},"end":{"line":80,"column":5}},"line":45},"2":{"name":"(anonymous_2)","decl":{"start":{"line":111,"column":33},"end":{"line":111,"column":34}},"loc":{"start":{"line":111,"column":39},"end":{"line":113,"column":17}},"line":111},"3":{"name":"(anonymous_3)","decl":{"start":{"line":122,"column":33},"end":{"line":122,"column":34}},"loc":{"start":{"line":122,"column":39},"end":{"line":124,"column":17}},"line":122},"4":{"name":"(anonymous_4)","decl":{"start":{"line":128,"column":25},"end":{"line":128,"column":26}},"loc":{"start":{"line":128,"column":31},"end":{"line":130,"column":17}},"line":128},"5":{"name":"(anonymous_5)","decl":{"start":{"line":136,"column":37},"end":{"line":136,"column":38}},"loc":{"start":{"line":136,"column":43},"end":{"line":136,"column":45}},"line":136},"6":{"name":"(anonymous_6)","decl":{"start":{"line":143,"column":36},"end":{"line":143,"column":37}},"loc":{"start":{"line":143,"column":42},"end":{"line":143,"column":71}},"line":143}},"branchMap":{"0":{"loc":{"start":{"line":67,"column":8},"end":{"line":73,"column":9}},"type":"if","locations":[{"start":{"line":67,"column":8},"end":{"line":73,"column":9}},{"start":{"line":67,"column":8},"end":{"line":73,"column":9}}],"line":67},"1":{"loc":{"start":{"line":88,"column":18},"end":{"line":88,"column":63}},"type":"cond-expr","locations":[{"start":{"line":88,"column":42},"end":{"line":88,"column":51}},{"start":{"line":88,"column":54},"end":{"line":88,"column":63}}],"line":88}},"s":{"0":1,"1":1,"2":1,"3":1,"4":1,"5":1,"6":0,"7":0,"8":0,"9":0,"10":0,"11":0,"12":0,"13":0,"14":0,"15":0,"16":0,"17":1,"18":0,"19":0,"20":0,"21":0},"f":{"0":1,"1":0,"2":0,"3":0,"4":0,"5":0,"6":0},"b":{"0":[0,0],"1":[1,0]},"_coverageSchema":"43e27e138ebf9cfc5966b082cf9a028302ed4184","hash":"d7a65b85ddbb7917f6632922eb528841465806a9"}
,"/home/burn/GoStack/2020/Study/bootcamp/module03/appgobarber/src/pages/SignUp/index.tsx": {"path":"/home/burn/GoStack/2020/Study/bootcamp/module03/appgobarber/src/pages/SignUp/index.tsx","statementMap":{"0":{"start":{"line":32,"column":25},"end":{"line":151,"column":1}},"1":{"start":{"line":33,"column":18},"end":{"line":33,"column":43}},"2":{"start":{"line":34,"column":21},"end":{"line":34,"column":36}},"3":{"start":{"line":36,"column":24},"end":{"line":36,"column":47}},"4":{"start":{"line":37,"column":27},"end":{"line":37,"column":50}},"5":{"start":{"line":39,"column":23},"end":{"line":81,"column":3}},"6":{"start":{"line":41,"column":6},"end":{"line":78,"column":7}},"7":{"start":{"line":42,"column":8},"end":{"line":42,"column":39}},"8":{"start":{"line":44,"column":23},"end":{"line":50,"column":10}},"9":{"start":{"line":52,"column":8},"end":{"line":55,"column":11}},"10":{"start":{"line":57,"column":8},"end":{"line":57,"column":39}},"11":{"start":{"line":59,"column":8},"end":{"line":62,"column":10}},"12":{"start":{"line":64,"column":8},"end":{"line":64,"column":28}},"13":{"start":{"line":66,"column":8},"end":{"line":72,"column":9}},"14":{"start":{"line":67,"column":25},"end":{"line":67,"column":49}},"15":{"start":{"line":69,"column":10},"end":{"line":69,"column":45}},"16":{"start":{"line":71,"column":10},"end":{"line":71,"column":17}},"17":{"start":{"line":74,"column":8},"end":{"line":77,"column":10}},"18":{"start":{"line":83,"column":2},"end":{"line":150,"column":4}},"19":{"start":{"line":109,"column":18},"end":{"line":109,"column":49}},"20":{"start":{"line":123,"column":18},"end":{"line":123,"column":52}},"21":{"start":{"line":134,"column":39},"end":{"line":134,"column":68}},"22":{"start":{"line":137,"column":37},"end":{"line":137,"column":66}},"23":{"start":{"line":145,"column":35},"end":{"line":145,"column":64}}},"fnMap":{"0":{"name":"(anonymous_0)","decl":{"start":{"line":32,"column":25},"end":{"line":32,"column":26}},"loc":{"start":{"line":32,"column":31},"end":{"line":151,"column":1}},"line":32},"1":{"name":"(anonymous_1)","decl":{"start":{"line":40,"column":4},"end":{"line":40,"column":5}},"loc":{"start":{"line":40,"column":36},"end":{"line":79,"column":5}},"line":40},"2":{"name":"(anonymous_2)","decl":{"start":{"line":108,"column":33},"end":{"line":108,"column":34}},"loc":{"start":{"line":108,"column":39},"end":{"line":110,"column":17}},"line":108},"3":{"name":"(anonymous_3)","decl":{"start":{"line":122,"column":33},"end":{"line":122,"column":34}},"loc":{"start":{"line":122,"column":39},"end":{"line":124,"column":17}},"line":122},"4":{"name":"(anonymous_4)","decl":{"start":{"line":134,"column":33},"end":{"line":134,"column":34}},"loc":{"start":{"line":134,"column":39},"end":{"line":134,"column":68}},"line":134},"5":{"name":"(anonymous_5)","decl":{"start":{"line":137,"column":31},"end":{"line":137,"column":32}},"loc":{"start":{"line":137,"column":37},"end":{"line":137,"column":66}},"line":137},"6":{"name":"(anonymous_6)","decl":{"start":{"line":145,"column":29},"end":{"line":145,"column":30}},"loc":{"start":{"line":145,"column":35},"end":{"line":145,"column":64}},"line":145}},"branchMap":{"0":{"loc":{"start":{"line":66,"column":8},"end":{"line":72,"column":9}},"type":"if","locations":[{"start":{"line":66,"column":8},"end":{"line":72,"column":9}},{"start":{"line":66,"column":8},"end":{"line":72,"column":9}}],"line":66},"1":{"loc":{"start":{"line":87,"column":18},"end":{"line":87,"column":63}},"type":"cond-expr","locations":[{"start":{"line":87,"column":42},"end":{"line":87,"column":51}},{"start":{"line":87,"column":54},"end":{"line":87,"column":63}}],"line":87}},"s":{"0":0,"1":0,"2":0,"3":0,"4":0,"5":0,"6":0,"7":0,"8":0,"9":0,"10":0,"11":0,"12":0,"13":0,"14":0,"15":0,"16":0,"17":0,"18":0,"19":0,"20":0,"21":0,"22":0,"23":0},"f":{"0":0,"1":0,"2":0,"3":0,"4":0,"5":0,"6":0},"b":{"0":[0,0],"1":[0,0]},"hash":"c296db3e6332cf2a7af2052fe030c86f61c455d5"}
}
